# JRE version: OpenJDK Runtime Environment (8.0_212-b04) (build 1.8.0_212-release-1586-b04)
# Java VM: OpenJDK 64-Bit Server VM (25.212-b04 mixed mode windows-amd64 compressed oops)
Heap:
 PSYoungGen      total 357376K, used 282985K [0x00000000e0000000, 0x00000000fa980000, 0x0000000100000000)
  eden space 305152K, 92% used [0x00000000e0000000,0x00000000f145a400,0x00000000f2a00000)
  from space 52224K, 0% used [0x00000000f5e80000,0x00000000f5e80000,0x00000000f9180000)
  to   space 53760K, 0% used [0x00000000f2a00000,0x00000000f2a00000,0x00000000f5e80000)
 ParOldGen       total 232448K, used 61358K [0x00000000a0000000, 0x00000000ae300000, 0x00000000e0000000)
  object space 232448K, 26% used [0x00000000a0000000,0x00000000a3beba78,0x00000000ae300000)
 Metaspace       used 97905K, capacity 103080K, committed 104192K, reserved 1140736K
  class space    used 12682K, capacity 13575K, committed 13824K, reserved 1048576K
GC Heap History (10 events):
Event: 234.860 GC heap before
{Heap before GC invocations=26 (full 3):
 PSYoungGen      total 338432K, used 328388K [0x00000000e0000000, 0x00000000f7d80000, 0x0000000100000000)
  eden space 293376K, 100% used [0x00000000e0000000,0x00000000f1e80000,0x00000000f1e80000)
  from space 45056K, 77% used [0x00000000f5080000,0x00000000f72b1108,0x00000000f7c80000)
  to   space 48640K, 0% used [0x00000000f1e80000,0x00000000f1e80000,0x00000000f4e00000)
 ParOldGen       total 148480K, used 86552K [0x00000000a0000000, 0x00000000a9100000, 0x00000000e0000000)
  object space 148480K, 58% used [0x00000000a0000000,0x00000000a5486120,0x00000000a9100000)
 Metaspace       used 84343K, capacity 88972K, committed 89088K, reserved 1126400K
  class space    used 11166K, capacity 12021K, committed 12032K, reserved 1048576K
Event: 234.881 GC heap after
Heap after GC invocations=26 (full 3):
 PSYoungGen      total 342016K, used 27172K [0x00000000e0000000, 0x00000000f9b00000, 0x0000000100000000)
  eden space 293376K, 0% used [0x00000000e0000000,0x00000000e0000000,0x00000000f1e80000)
  from space 48640K, 55% used [0x00000000f1e80000,0x00000000f3909178,0x00000000f4e00000)
  to   space 48128K, 0% used [0x00000000f6c00000,0x00000000f6c00000,0x00000000f9b00000)
 ParOldGen       total 148480K, used 86560K [0x00000000a0000000, 0x00000000a9100000, 0x00000000e0000000)
  object space 148480K, 58% used [0x00000000a0000000,0x00000000a5488120,0x00000000a9100000)
 Metaspace       used 84343K, capacity 88972K, committed 89088K, reserved 1126400K
  class space    used 11166K, capacity 12021K, committed 12032K, reserved 1048576K
}
Event: 342.190 GC heap before
{Heap before GC invocations=27 (full 3):
 PSYoungGen      total 342016K, used 320548K [0x00000000e0000000, 0x00000000f9b00000, 0x0000000100000000)
  eden space 293376K, 100% used [0x00000000e0000000,0x00000000f1e80000,0x00000000f1e80000)
  from space 48640K, 55% used [0x00000000f1e80000,0x00000000f3909178,0x00000000f4e00000)
  to   space 48128K, 0% used [0x00000000f6c00000,0x00000000f6c00000,0x00000000f9b00000)
 ParOldGen       total 148480K, used 86560K [0x00000000a0000000, 0x00000000a9100000, 0x00000000e0000000)
  object space 148480K, 58% used [0x00000000a0000000,0x00000000a5488120,0x00000000a9100000)
 Metaspace       used 87237K, capacity 92216K, committed 92288K, reserved 1128448K
  class space    used 11453K, capacity 12359K, committed 12416K, reserved 1048576K
Event: 342.213 GC heap after
Heap after GC invocations=27 (full 3):
 PSYoungGen      total 364544K, used 34110K [0x00000000e0000000, 0x00000000f9900000, 0x0000000100000000)
  eden space 318464K, 0% used [0x00000000e0000000,0x00000000e0000000,0x00000000f3700000)
  from space 46080K, 74% used [0x00000000f6c00000,0x00000000f8d4f808,0x00000000f9900000)
  to   space 50176K, 0% used [0x00000000f3700000,0x00000000f3700000,0x00000000f6800000)
 ParOldGen       total 148480K, used 86568K [0x00000000a0000000, 0x00000000a9100000, 0x00000000e0000000)
  object space 148480K, 58% used [0x00000000a0000000,0x00000000a548a120,0x00000000a9100000)
 Metaspace       used 87237K, capacity 92216K, committed 92288K, reserved 1128448K
  class space    used 11453K, capacity 12359K, committed 12416K, reserved 1048576K
}
Event: 833.841 GC heap before
{Heap before GC invocations=28 (full 3):
 PSYoungGen      total 364544K, used 352574K [0x00000000e0000000, 0x00000000f9900000, 0x0000000100000000)
  eden space 318464K, 100% used [0x00000000e0000000,0x00000000f3700000,0x00000000f3700000)
  from space 46080K, 74% used [0x00000000f6c00000,0x00000000f8d4f808,0x00000000f9900000)
  to   space 50176K, 0% used [0x00000000f3700000,0x00000000f3700000,0x00000000f6800000)
 ParOldGen       total 148480K, used 86568K [0x00000000a0000000, 0x00000000a9100000, 0x00000000e0000000)
  object space 148480K, 58% used [0x00000000a0000000,0x00000000a548a120,0x00000000a9100000)
 Metaspace       used 91524K, capacity 97402K, committed 97536K, reserved 1134592K
  class space    used 11938K, capacity 12992K, committed 13056K, reserved 1048576K
Event: 833.869 GC heap after
Heap after GC invocations=28 (full 3):
 PSYoungGen      total 342528K, used 35600K [0x00000000e0000000, 0x00000000f9180000, 0x0000000100000000)
  eden space 306688K, 0% used [0x00000000e0000000,0x00000000e0000000,0x00000000f2b80000)
  from space 35840K, 99% used [0x00000000f3700000,0x00000000f59c4338,0x00000000f5a00000)
  to   space 52224K, 0% used [0x00000000f5e80000,0x00000000f5e80000,0x00000000f9180000)
 ParOldGen       total 148480K, used 86576K [0x00000000a0000000, 0x00000000a9100000, 0x00000000e0000000)
  object space 148480K, 58% used [0x00000000a0000000,0x00000000a548c120,0x00000000a9100000)
 Metaspace       used 91524K, capacity 97402K, committed 97536K, reserved 1134592K
  class space    used 11938K, capacity 12992K, committed 13056K, reserved 1048576K
}
Event: 834.883 GC heap before
{Heap before GC invocations=29 (full 3):
 PSYoungGen      total 342528K, used 98200K [0x00000000e0000000, 0x00000000f9180000, 0x0000000100000000)
  eden space 306688K, 20% used [0x00000000e0000000,0x00000000e3d22058,0x00000000f2b80000)
  from space 35840K, 99% used [0x00000000f3700000,0x00000000f59c4338,0x00000000f5a00000)
  to   space 52224K, 0% used [0x00000000f5e80000,0x00000000f5e80000,0x00000000f9180000)
 ParOldGen       total 148480K, used 86576K [0x00000000a0000000, 0x00000000a9100000, 0x00000000e0000000)
  object space 148480K, 58% used [0x00000000a0000000,0x00000000a548c120,0x00000000a9100000)
 Metaspace       used 92600K, capacity 98416K, committed 98496K, reserved 1134592K
  class space    used 12075K, capacity 13130K, committed 13184K, reserved 1048576K
Event: 834.910 GC heap after
Heap after GC invocations=29 (full 3):
 PSYoungGen      total 357376K, used 35700K [0x00000000e0000000, 0x00000000fa980000, 0x0000000100000000)
  eden space 305152K, 0% used [0x00000000e0000000,0x00000000e0000000,0x00000000f2a00000)
  from space 52224K, 68% used [0x00000000f5e80000,0x00000000f815d1d0,0x00000000f9180000)
  to   space 53760K, 0% used [0x00000000f2a00000,0x00000000f2a00000,0x00000000f5e80000)
 ParOldGen       total 148480K, used 86584K [0x00000000a0000000, 0x00000000a9100000, 0x00000000e0000000)
  object space 148480K, 58% used [0x00000000a0000000,0x00000000a548e120,0x00000000a9100000)
 Metaspace       used 92600K, capacity 98416K, committed 98496K, reserved 1134592K
  class space    used 12075K, capacity 13130K, committed 13184K, reserved 1048576K
}
Event: 834.910 GC heap before
{Heap before GC invocations=30 (full 4):
 PSYoungGen      total 357376K, used 35700K [0x00000000e0000000, 0x00000000fa980000, 0x0000000100000000)
  eden space 305152K, 0% used [0x00000000e0000000,0x00000000e0000000,0x00000000f2a00000)
  from space 52224K, 68% used [0x00000000f5e80000,0x00000000f815d1d0,0x00000000f9180000)
  to   space 53760K, 0% used [0x00000000f2a00000,0x00000000f2a00000,0x00000000f5e80000)
 ParOldGen       total 148480K, used 86584K [0x00000000a0000000, 0x00000000a9100000, 0x00000000e0000000)
  object space 148480K, 58% used [0x00000000a0000000,0x00000000a548e120,0x00000000a9100000)
 Metaspace       used 92600K, capacity 98416K, committed 98496K, reserved 1134592K
  class space    used 12075K, capacity 13130K, committed 13184K, reserved 1048576K
Event: 835.059 GC heap after
Heap after GC invocations=30 (full 4):
 PSYoungGen      total 357376K, used 0K [0x00000000e0000000, 0x00000000fa980000, 0x0000000100000000)
  eden space 305152K, 0% used [0x00000000e0000000,0x00000000e0000000,0x00000000f2a00000)
  from space 52224K, 0% used [0x00000000f5e80000,0x00000000f5e80000,0x00000000f9180000)
  to   space 53760K, 0% used [0x00000000f2a00000,0x00000000f2a00000,0x00000000f5e80000)
 ParOldGen       total 232448K, used 61358K [0x00000000a0000000, 0x00000000ae300000, 0x00000000e0000000)
  object space 232448K, 26% used [0x00000000a0000000,0x00000000a3beba78,0x00000000ae300000)
 Metaspace       used 92078K, capacity 96984K, committed 98496K, reserved 1134592K
  class space    used 11903K, capacity 12824K, committed 13184K, reserved 1048576K
}

