# JRE version: OpenJDK Runtime Environment (8.0_212-b04) (build 1.8.0_212-release-1586-b04)
# Java VM: OpenJDK 64-Bit Server VM (25.212-b04 mixed mode windows-amd64 compressed oops)
Heap:
 PSYoungGen      total 313344K, used 106529K [0x00000000e0000000, 0x00000000f8800000, 0x0000000100000000)
  eden space 272896K, 36% used [0x00000000e0000000,0x00000000e624d158,0x00000000f0a80000)
  from space 40448K, 14% used [0x00000000f0a80000,0x00000000f103b688,0x00000000f3200000)
  to   space 41472K, 0% used [0x00000000f5f80000,0x00000000f5f80000,0x00000000f8800000)
 ParOldGen       total 237056K, used 78991K [0x00000000a0000000, 0x00000000ae780000, 0x00000000e0000000)
  object space 237056K, 33% used [0x00000000a0000000,0x00000000a4d23f80,0x00000000ae780000)
 Metaspace       used 108547K, capacity 114173K, committed 114304K, reserved 1148928K
  class space    used 14099K, capacity 15197K, committed 15232K, reserved 1048576K
GC Heap History (10 events):
Event: 767.000 GC heap before
{Heap before GC invocations=29 (full 4):
 PSYoungGen      total 237568K, used 232427K [0x00000000e0000000, 0x00000000f1c80000, 0x0000000100000000)
  eden space 201216K, 100% used [0x00000000e0000000,0x00000000ec480000,0x00000000ec480000)
  from space 36352K, 85% used [0x00000000eeb00000,0x00000000f097ad48,0x00000000f0e80000)
  to   space 39424K, 0% used [0x00000000ec480000,0x00000000ec480000,0x00000000eeb00000)
 ParOldGen       total 237056K, used 62239K [0x00000000a0000000, 0x00000000ae780000, 0x00000000e0000000)
  object space 237056K, 26% used [0x00000000a0000000,0x00000000a3cc7c90,0x00000000ae780000)
 Metaspace       used 107666K, capacity 113247K, committed 113536K, reserved 1146880K
  class space    used 14060K, capacity 15150K, committed 15232K, reserved 1048576K
Event: 767.016 GC heap after
Heap after GC invocations=29 (full 4):
 PSYoungGen      total 240640K, used 30046K [0x00000000e0000000, 0x00000000f3400000, 0x0000000100000000)
  eden space 201216K, 0% used [0x00000000e0000000,0x00000000e0000000,0x00000000ec480000)
  from space 39424K, 76% used [0x00000000ec480000,0x00000000ee1d7aa8,0x00000000eeb00000)
  to   space 40960K, 0% used [0x00000000f0c00000,0x00000000f0c00000,0x00000000f3400000)
 ParOldGen       total 237056K, used 62247K [0x00000000a0000000, 0x00000000ae780000, 0x00000000e0000000)
  object space 237056K, 26% used [0x00000000a0000000,0x00000000a3cc9c90,0x00000000ae780000)
 Metaspace       used 107666K, capacity 113247K, committed 113536K, reserved 1146880K
  class space    used 14060K, capacity 15150K, committed 15232K, reserved 1048576K
}
Event: 767.336 GC heap before
{Heap before GC invocations=30 (full 4):
 PSYoungGen      total 240640K, used 231262K [0x00000000e0000000, 0x00000000f3400000, 0x0000000100000000)
  eden space 201216K, 100% used [0x00000000e0000000,0x00000000ec480000,0x00000000ec480000)
  from space 39424K, 76% used [0x00000000ec480000,0x00000000ee1d7aa8,0x00000000eeb00000)
  to   space 40960K, 0% used [0x00000000f0c00000,0x00000000f0c00000,0x00000000f3400000)
 ParOldGen       total 237056K, used 62247K [0x00000000a0000000, 0x00000000ae780000, 0x00000000e0000000)
  object space 237056K, 26% used [0x00000000a0000000,0x00000000a3cc9c90,0x00000000ae780000)
 Metaspace       used 108052K, capacity 113653K, committed 113792K, reserved 1148928K
  class space    used 14078K, capacity 15193K, committed 15232K, reserved 1048576K
Event: 767.353 GC heap after
Heap after GC invocations=30 (full 4):
 PSYoungGen      total 273408K, used 29026K [0x00000000e0000000, 0x00000000f3800000, 0x0000000100000000)
  eden space 232448K, 0% used [0x00000000e0000000,0x00000000e0000000,0x00000000ee300000)
  from space 40960K, 70% used [0x00000000f0c00000,0x00000000f28589b0,0x00000000f3400000)
  to   space 41984K, 0% used [0x00000000ee300000,0x00000000ee300000,0x00000000f0c00000)
 ParOldGen       total 237056K, used 62255K [0x00000000a0000000, 0x00000000ae780000, 0x00000000e0000000)
  object space 237056K, 26% used [0x00000000a0000000,0x00000000a3ccbc90,0x00000000ae780000)
 Metaspace       used 108052K, capacity 113653K, committed 113792K, reserved 1148928K
  class space    used 14078K, capacity 15193K, committed 15232K, reserved 1048576K
}
Event: 767.692 GC heap before
{Heap before GC invocations=31 (full 4):
 PSYoungGen      total 273408K, used 261474K [0x00000000e0000000, 0x00000000f3800000, 0x0000000100000000)
  eden space 232448K, 100% used [0x00000000e0000000,0x00000000ee300000,0x00000000ee300000)
  from space 40960K, 70% used [0x00000000f0c00000,0x00000000f28589b0,0x00000000f3400000)
  to   space 41984K, 0% used [0x00000000ee300000,0x00000000ee300000,0x00000000f0c00000)
 ParOldGen       total 237056K, used 62255K [0x00000000a0000000, 0x00000000ae780000, 0x00000000e0000000)
  object space 237056K, 26% used [0x00000000a0000000,0x00000000a3ccbc90,0x00000000ae780000)
 Metaspace       used 108356K, capacity 114019K, committed 114304K, reserved 1148928K
  class space    used 14098K, capacity 15196K, committed 15232K, reserved 1048576K
Event: 767.708 GC heap after
Heap after GC invocations=31 (full 4):
 PSYoungGen      total 274432K, used 25419K [0x00000000e0000000, 0x00000000f5b00000, 0x0000000100000000)
  eden space 232448K, 0% used [0x00000000e0000000,0x00000000e0000000,0x00000000ee300000)
  from space 41984K, 60% used [0x00000000ee300000,0x00000000efbd2f80,0x00000000f0c00000)
  to   space 41472K, 0% used [0x00000000f3280000,0x00000000f3280000,0x00000000f5b00000)
 ParOldGen       total 237056K, used 62263K [0x00000000a0000000, 0x00000000ae780000, 0x00000000e0000000)
  object space 237056K, 26% used [0x00000000a0000000,0x00000000a3ccdc90,0x00000000ae780000)
 Metaspace       used 108356K, capacity 114019K, committed 114304K, reserved 1148928K
  class space    used 14098K, capacity 15196K, committed 15232K, reserved 1048576K
}
Event: 768.069 GC heap before
{Heap before GC invocations=32 (full 4):
 PSYoungGen      total 274432K, used 257867K [0x00000000e0000000, 0x00000000f5b00000, 0x0000000100000000)
  eden space 232448K, 100% used [0x00000000e0000000,0x00000000ee300000,0x00000000ee300000)
  from space 41984K, 60% used [0x00000000ee300000,0x00000000efbd2f80,0x00000000f0c00000)
  to   space 41472K, 0% used [0x00000000f3280000,0x00000000f3280000,0x00000000f5b00000)
 ParOldGen       total 237056K, used 62263K [0x00000000a0000000, 0x00000000ae780000, 0x00000000e0000000)
  object space 237056K, 26% used [0x00000000a0000000,0x00000000a3ccdc90,0x00000000ae780000)
 Metaspace       used 108463K, capacity 114103K, committed 114304K, reserved 1148928K
  class space    used 14099K, capacity 15196K, committed 15232K, reserved 1048576K
Event: 768.084 GC heap after
Heap after GC invocations=32 (full 4):
 PSYoungGen      total 312832K, used 16461K [0x00000000e0000000, 0x00000000f5980000, 0x0000000100000000)
  eden space 272896K, 0% used [0x00000000e0000000,0x00000000e0000000,0x00000000f0a80000)
  from space 39936K, 41% used [0x00000000f3280000,0x00000000f4293528,0x00000000f5980000)
  to   space 40448K, 0% used [0x00000000f0a80000,0x00000000f0a80000,0x00000000f3200000)
 ParOldGen       total 237056K, used 68999K [0x00000000a0000000, 0x00000000ae780000, 0x00000000e0000000)
  object space 237056K, 29% used [0x00000000a0000000,0x00000000a4361e40,0x00000000ae780000)
 Metaspace       used 108463K, capacity 114103K, committed 114304K, reserved 1148928K
  class space    used 14099K, capacity 15196K, committed 15232K, reserved 1048576K
}
Event: 768.495 GC heap before
{Heap before GC invocations=33 (full 4):
 PSYoungGen      total 312832K, used 289357K [0x00000000e0000000, 0x00000000f5980000, 0x0000000100000000)
  eden space 272896K, 100% used [0x00000000e0000000,0x00000000f0a80000,0x00000000f0a80000)
  from space 39936K, 41% used [0x00000000f3280000,0x00000000f4293528,0x00000000f5980000)
  to   space 40448K, 0% used [0x00000000f0a80000,0x00000000f0a80000,0x00000000f3200000)
 ParOldGen       total 237056K, used 68999K [0x00000000a0000000, 0x00000000ae780000, 0x00000000e0000000)
  object space 237056K, 29% used [0x00000000a0000000,0x00000000a4361e40,0x00000000ae780000)
 Metaspace       used 108531K, capacity 114167K, committed 114304K, reserved 1148928K
  class space    used 14099K, capacity 15196K, committed 15232K, reserved 1048576K
Event: 768.506 GC heap after
Heap after GC invocations=33 (full 4):
 PSYoungGen      total 313344K, used 5869K [0x00000000e0000000, 0x00000000f8800000, 0x0000000100000000)
  eden space 272896K, 0% used [0x00000000e0000000,0x00000000e0000000,0x00000000f0a80000)
  from space 40448K, 14% used [0x00000000f0a80000,0x00000000f103b688,0x00000000f3200000)
  to   space 41472K, 0% used [0x00000000f5f80000,0x00000000f5f80000,0x00000000f8800000)
 ParOldGen       total 237056K, used 78991K [0x00000000a0000000, 0x00000000ae780000, 0x00000000e0000000)
  object space 237056K, 33% used [0x00000000a0000000,0x00000000a4d23f80,0x00000000ae780000)
 Metaspace       used 108531K, capacity 114167K, committed 114304K, reserved 1148928K
  class space    used 14099K, capacity 15196K, committed 15232K, reserved 1048576K
}

